  [1m[35m (1.0ms)[0m  [1m[34mSELECT sqlite_version(*)[0m
  [1m[35m (0.3ms)[0m  [1m[34mSELECT sqlite_version(*)[0m
  [1m[36mActiveRecord::SchemaMigration Pluck (0.1ms)[0m  [1m[34mSELECT "schema_migrations"."version" FROM "schema_migrations" ORDER BY "schema_migrations"."version" ASC[0m
Migrating to CreateProdutos (20220902191933)
  [1m[36mTRANSACTION (0.0ms)[0m  [1m[36mbegin transaction[0m
  [1m[35m (0.2ms)[0m  [1m[35mCREATE TABLE "produtos" ("id" integer PRIMARY KEY AUTOINCREMENT NOT NULL, "nome" varchar, "descricao" text, "preco" decimal, "qunantidade" integer, "created_at" datetime(6) NOT NULL, "updated_at" datetime(6) NOT NULL)[0m
  [1m[36mActiveRecord::SchemaMigration Create (0.1ms)[0m  [1m[32mINSERT INTO "schema_migrations" ("version") VALUES (?)[0m  [["version", "20220902191933"]]
  [1m[36mTRANSACTION (5.4ms)[0m  [1m[36mcommit transaction[0m
Migrating to ChangeTableProduto (20220903130025)
  [1m[36mTRANSACTION (0.1ms)[0m  [1m[36mbegin transaction[0m
  [1m[35m (0.0ms)[0m  [1m[35mPRAGMA foreign_keys[0m
  [1m[35m (0.0ms)[0m  [1m[35mPRAGMA defer_foreign_keys[0m
  [1m[35m (0.0ms)[0m  [1m[35mPRAGMA defer_foreign_keys = ON[0m
  [1m[35m (0.0ms)[0m  [1m[35mPRAGMA foreign_keys = OFF[0m
  [1m[35m (0.2ms)[0m  [1m[35mCREATE TEMPORARY TABLE "aprodutos" ("id" integer NOT NULL PRIMARY KEY, "nome" varchar DEFAULT NULL, "descricao" text DEFAULT NULL, "preco" decimal DEFAULT NULL, "quantidade" integer DEFAULT NULL, "created_at" datetime(6) NOT NULL, "updated_at" datetime(6) NOT NULL)[0m
  [1m[35m (0.1ms)[0m  [1m[32mINSERT INTO "aprodutos" ("id","nome","descricao","preco","quantidade","created_at","updated_at")
                     SELECT "id","nome","descricao","preco","qunantidade","created_at","updated_at" FROM "produtos"[0m
  [1m[35m (0.6ms)[0m  [1m[35mDROP TABLE "produtos"[0m
  [1m[35m (0.2ms)[0m  [1m[35mCREATE TABLE "produtos" ("id" integer NOT NULL PRIMARY KEY, "nome" varchar DEFAULT NULL, "descricao" text DEFAULT NULL, "preco" decimal DEFAULT NULL, "quantidade" integer DEFAULT NULL, "created_at" datetime(6) NOT NULL, "updated_at" datetime(6) NOT NULL)[0m
  [1m[35m (0.1ms)[0m  [1m[32mINSERT INTO "produtos" ("id","nome","descricao","preco","quantidade","created_at","updated_at")
                     SELECT "id","nome","descricao","preco","quantidade","created_at","updated_at" FROM "aprodutos"[0m
  [1m[35m (0.2ms)[0m  [1m[35mDROP TABLE "aprodutos"[0m
  [1m[35m (0.0ms)[0m  [1m[35mPRAGMA defer_foreign_keys = 0[0m
  [1m[35m (0.0ms)[0m  [1m[35mPRAGMA foreign_keys = 1[0m
  [1m[36mActiveRecord::SchemaMigration Create (0.1ms)[0m  [1m[32mINSERT INTO "schema_migrations" ("version") VALUES (?)[0m  [["version", "20220903130025"]]
  [1m[36mTRANSACTION (2.7ms)[0m  [1m[36mcommit transaction[0m
Migrating to CreateDepartamentos (20220905134442)
  [1m[36mTRANSACTION (0.1ms)[0m  [1m[36mbegin transaction[0m
  [1m[35m (0.3ms)[0m  [1m[35mCREATE TABLE "departamentos" ("id" integer PRIMARY KEY AUTOINCREMENT NOT NULL, "nome" varchar, "created_at" datetime(6) NOT NULL, "updated_at" datetime(6) NOT NULL)[0m
  [1m[36mActiveRecord::SchemaMigration Create (0.1ms)[0m  [1m[32mINSERT INTO "schema_migrations" ("version") VALUES (?)[0m  [["version", "20220905134442"]]
  [1m[36mTRANSACTION (3.7ms)[0m  [1m[36mcommit transaction[0m
Migrating to AddDepartamentoIdToProduto (20220905141103)
  [1m[36mTRANSACTION (0.1ms)[0m  [1m[36mbegin transaction[0m
  [1m[35m (0.4ms)[0m  [1m[35mALTER TABLE "produtos" ADD "departamento_id" integer[0m
  [1m[36mActiveRecord::SchemaMigration Create (0.1ms)[0m  [1m[32mINSERT INTO "schema_migrations" ("version") VALUES (?)[0m  [["version", "20220905141103"]]
  [1m[36mTRANSACTION (2.5ms)[0m  [1m[36mcommit transaction[0m
Migrating to CreateCoins (20230803214448)
  [1m[36mTRANSACTION (0.0ms)[0m  [1m[36mbegin transaction[0m
  [1m[35m (0.3ms)[0m  [1m[35mCREATE TABLE "coins" ("id" integer PRIMARY KEY AUTOINCREMENT NOT NULL, "description" varchar, "acronym" varchar, "url_image" varchar, "created_at" datetime(6) NOT NULL, "updated_at" datetime(6) NOT NULL)[0m
  [1m[36mActiveRecord::SchemaMigration Create (0.1ms)[0m  [1m[32mINSERT INTO "schema_migrations" ("version") VALUES (?)[0m  [["version", "20230803214448"]]
  [1m[36mTRANSACTION (3.6ms)[0m  [1m[36mcommit transaction[0m
  [1m[36mActiveRecord::InternalMetadata Load (0.1ms)[0m  [1m[34mSELECT "ar_internal_metadata".* FROM "ar_internal_metadata" WHERE "ar_internal_metadata"."key" = ? LIMIT ?[0m  [["key", "environment"], ["LIMIT", 1]]
  [1m[36mTRANSACTION (0.0ms)[0m  [1m[36mbegin transaction[0m
  [1m[36mActiveRecord::InternalMetadata Create (0.1ms)[0m  [1m[32mINSERT INTO "ar_internal_metadata" ("key", "value", "created_at", "updated_at") VALUES (?, ?, ?, ?)[0m  [["key", "environment"], ["value", "development"], ["created_at", "2023-08-04 01:09:46.945562"], ["updated_at", "2023-08-04 01:09:46.945562"]]
  [1m[36mTRANSACTION (3.2ms)[0m  [1m[36mcommit transaction[0m
  [1m[35m (0.0ms)[0m  [1m[34mSELECT sqlite_version(*)[0m
  [1m[36mActiveRecord::SchemaMigration Pluck (0.1ms)[0m  [1m[34mSELECT "schema_migrations"."version" FROM "schema_migrations" ORDER BY "schema_migrations"."version" ASC[0m
  [1m[35m (0.4ms)[0m  [1m[34mSELECT sqlite_version(*)[0m
  [1m[36mActiveRecord::SchemaMigration Pluck (0.1ms)[0m  [1m[34mSELECT "schema_migrations"."version" FROM "schema_migrations" ORDER BY "schema_migrations"."version" ASC[0m
  [1m[36mActiveRecord::InternalMetadata Load (0.1ms)[0m  [1m[34mSELECT "ar_internal_metadata".* FROM "ar_internal_metadata" WHERE "ar_internal_metadata"."key" = ? LIMIT ?[0m  [["key", "environment"], ["LIMIT", 1]]
  [1m[35m (0.0ms)[0m  [1m[34mSELECT sqlite_version(*)[0m
  [1m[36mActiveRecord::SchemaMigration Pluck (0.1ms)[0m  [1m[34mSELECT "schema_migrations"."version" FROM "schema_migrations" ORDER BY "schema_migrations"."version" ASC[0m
  [1m[35m (0.6ms)[0m  [1m[34mSELECT sqlite_version(*)[0m
  [1m[36mActiveRecord::SchemaMigration Pluck (0.1ms)[0m  [1m[34mSELECT "schema_migrations"."version" FROM "schema_migrations" ORDER BY "schema_migrations"."version" ASC[0m
  [1m[36mActiveRecord::InternalMetadata Load (0.1ms)[0m  [1m[34mSELECT "ar_internal_metadata".* FROM "ar_internal_metadata" WHERE "ar_internal_metadata"."key" = ? LIMIT ?[0m  [["key", "environment"], ["LIMIT", 1]]
  [1m[35m (0.0ms)[0m  [1m[34mSELECT sqlite_version(*)[0m
  [1m[36mActiveRecord::SchemaMigration Pluck (0.1ms)[0m  [1m[34mSELECT "schema_migrations"."version" FROM "schema_migrations" ORDER BY "schema_migrations"."version" ASC[0m
Started GET "/coins" for 172.22.0.1 at 2023-08-07 23:29:02 +0000
Cannot render console from 172.22.0.1! Allowed networks: 127.0.0.0/127.255.255.255, ::1
  [1m[35m (1.0ms)[0m  [1m[34mSELECT sqlite_version(*)[0m
  [1m[36mActiveRecord::SchemaMigration Pluck (0.1ms)[0m  [1m[34mSELECT "schema_migrations"."version" FROM "schema_migrations" ORDER BY "schema_migrations"."version" ASC[0m
Processing by CoinsController#index as HTML
  Rendering layout layouts/application.html.erb
  Rendering coins/index.html.erb within layouts/application
  [1m[36mCoin Load (0.2ms)[0m  [1m[34mSELECT "coins".* FROM "coins"[0m
  ↳ app/views/coins/index.html.erb:6
  Rendered coins/index.html.erb within layouts/application (Duration: 4.5ms | Allocations: 1999)
  Rendered layout layouts/application.html.erb (Duration: 7.7ms | Allocations: 6209)
Completed 200 OK in 24ms (Views: 10.8ms | ActiveRecord: 0.2ms | Allocations: 14404)


Started GET "/welcome/index" for 172.22.0.1 at 2023-08-07 23:29:11 +0000
Cannot render console from 172.22.0.1! Allowed networks: 127.0.0.0/127.255.255.255, ::1
Processing by WelcomeController#index as HTML
  Rendering layout layouts/application.html.erb
  Rendering welcome/index.html.erb within layouts/application
  Rendered welcome/index.html.erb within layouts/application (Duration: 2.2ms | Allocations: 246)
  Rendered layout layouts/application.html.erb (Duration: 7.0ms | Allocations: 1960)
Completed 200 OK in 11ms (Views: 10.1ms | ActiveRecord: 0.0ms | Allocations: 3071)


Started GET "/welcome/index" for 172.22.0.1 at 2023-08-07 23:29:21 +0000
Cannot render console from 172.22.0.1! Allowed networks: 127.0.0.0/127.255.255.255, ::1
Processing by WelcomeController#index as HTML
  Rendering layout layouts/application.html.erb
  Rendering welcome/index.html.erb within layouts/application
  Rendered welcome/index.html.erb within layouts/application (Duration: 1.1ms | Allocations: 246)
  Rendered layout layouts/application.html.erb (Duration: 5.9ms | Allocations: 2364)
Completed 200 OK in 11ms (Views: 9.5ms | ActiveRecord: 0.0ms | Allocations: 3577)


Started GET "/welcome/index" for 172.22.0.1 at 2023-08-07 23:29:32 +0000
Cannot render console from 172.22.0.1! Allowed networks: 127.0.0.0/127.255.255.255, ::1
Processing by WelcomeController#index as HTML
  Rendering layout layouts/application.html.erb
  Rendering welcome/index.html.erb within layouts/application
  Rendered welcome/index.html.erb within layouts/application (Duration: 0.8ms | Allocations: 246)
  Rendered layout layouts/application.html.erb (Duration: 3.5ms | Allocations: 2366)
Completed 200 OK in 6ms (Views: 4.9ms | ActiveRecord: 0.0ms | Allocations: 3564)


